<?xml version="1.0" encoding="UTF-8"?>
<!-- Generated by org.testng.reporters.JUnitReportReporter -->
<testsuite hostname="AWT_Tester" failures="0" tests="1" name="com.awt.admin.LogIn_Functionality" time="26.400" errors="0" timestamp="2024-07-15T23:04:47 IST" skipped="0">
  <testcase classname="com.awt.admin.LogIn_Functionality" name="verifyLoginFunctionalityTest" time="26.400"/>
  <system-out/>
</testsuite> <!-- com.awt.admin.LogIn_Functionality -->
