<?xml version="1.0" encoding="UTF-8"?>
<!-- Generated by org.testng.reporters.JUnitReportReporter -->
<testsuite hostname="AnkitYadav" failures="0" tests="1" name="com.awt.test.Admin.CreateProject.AdminCreatePageTest" time="142.001" errors="0" timestamp="2024-07-19T14:21:42 IST" skipped="0">
  <testcase classname="com.awt.test.Admin.CreateProject.AdminCreatePageTest" name="verifyAddProjectDetails" time="142.001"/>
  <system-out/>
</testsuite> <!-- com.awt.test.Admin.CreateProject.AdminCreatePageTest -->
