<?xml version="1.0" encoding="UTF-8"?>
<!-- Generated by org.testng.reporters.JUnitReportReporter -->
<testsuite hostname="AnkitYadav" failures="1" tests="1" name="com.awt.test.Admin.CreateProject.AdminCreatePageTest" time="90.069" errors="0" timestamp="2024-07-24T10:25:17 IST" skipped="0">
  <testcase classname="com.awt.test.Admin.CreateProject.AdminCreatePageTest" name="verify_NewProjectDetailsPanel" time="90.069">
    <failure message="The following asserts failed:
	did not expect [Acmo12!] but found [Acmo12!],
	did not expect [Wv4JLkhVUThIojA1zK0HK6H8LgoQlQRDfjzcgNd6gzhFcMlqEXhl1S2KWumPlTrjPa0eqweOWRIse8ZBljDIDcx5I1ysrjra7L85n] but found [Wv4JLkhVUThIojA1zK0HK6H8LgoQlQRDfjzcgNd6gzhFcMlqEXhl1S2KWumPlTrjPa0eqweOWRIse8ZBljDIDcx5I1ysrjra7L85n],
	did not expect [Vandana C] but found [Vandana C],
	did not expect [Myh0H12] but found [Myh0H12],
	did not expect [IMtjWBIUFxpKkGCBmWXxhESFpdSAZwuVlWx] but found [IMtjWBIUFxpKkGCBmWXxhESFpdSAZwuVlWx],
	did not expect [3SAPW12] but found [3SAPW12],
	did not expect [torJycrXfMuVXJVUCbzzapPClFxqNqsgmfl] but found [torJycrXfMuVXJVUCbzzapPClFxqNqsgmfl],
	did not expect [LYZKUrKp9zV9qJUb6] but found [LYZKUrKp9zV9qJUb6],
	did not expect [IMkTJoRkTbmWnFgkAM] but found [IMkTJoRkTbmWnFgkAM],
	did not expect [ssMwGaspijoi&amp;@] but found [ssMwGaspijoi&amp;@],
	did not expect [T] but found [T],
	did not expect [soD2K7q0lW8c2a8s] but found [soD2K7q0lW8c2a8s],
	did not expect [ukrhlqyV] but found [ukrhlqyV],
	did not expect [ankit123!] but found [ankit123!]" type="java.lang.AssertionError">
      <![CDATA[java.lang.AssertionError: The following asserts failed:
did not expect [Acmo12!] but found [Acmo12!],
did not expect [Wv4JLkhVUThIojA1zK0HK6H8LgoQlQRDfjzcgNd6gzhFcMlqEXhl1S2KWumPlTrjPa0eqweOWRIse8ZBljDIDcx5I1ysrjra7L85n] but found [Wv4JLkhVUThIojA1zK0HK6H8LgoQlQRDfjzcgNd6gzhFcMlqEXhl1S2KWumPlTrjPa0eqweOWRIse8ZBljDIDcx5I1ysrjra7L85n],
did not expect [Vandana C] but found [Vandana C],
did not expect [Myh0H12] but found [Myh0H12],
did not expect [IMtjWBIUFxpKkGCBmWXxhESFpdSAZwuVlWx] but found [IMtjWBIUFxpKkGCBmWXxhESFpdSAZwuVlWx],
did not expect [3SAPW12] but found [3SAPW12],
did not expect [torJycrXfMuVXJVUCbzzapPClFxqNqsgmfl] but found [torJycrXfMuVXJVUCbzzapPClFxqNqsgmfl],
did not expect [LYZKUrKp9zV9qJUb6] but found [LYZKUrKp9zV9qJUb6],
did not expect [IMkTJoRkTbmWnFgkAM] but found [IMkTJoRkTbmWnFgkAM],
did not expect [ssMwGaspijoi&@] but found [ssMwGaspijoi&@],
did not expect [T] but found [T],
did not expect [soD2K7q0lW8c2a8s] but found [soD2K7q0lW8c2a8s],
did not expect [ukrhlqyV] but found [ukrhlqyV],
did not expect [ankit123!] but found [ankit123!]
at org.testng.asserts.SoftAssert.assertAll(SoftAssert.java:47)
at org.testng.asserts.SoftAssert.assertAll(SoftAssert.java:31)
at com.awt.utills.reusablecomponents.SoftAssertTest.assertAll(SoftAssertTest.java:212)
at com.awt.test.Admin.CreateProject.AdminCreatePageTest.verify_NewProjectDetailsPanel(AdminCreatePageTest.java:435)
at java.base/jdk.internal.reflect.NativeMethodAccessorImpl.invoke0(Native Method)
at java.base/jdk.internal.reflect.NativeMethodAccessorImpl.invoke(NativeMethodAccessorImpl.java:77)
at java.base/jdk.internal.reflect.DelegatingMethodAccessorImpl.invoke(DelegatingMethodAccessorImpl.java:43)
at java.base/java.lang.reflect.Method.invoke(Method.java:568)
at org.testng.internal.MethodInvocationHelper.invokeMethod(MethodInvocationHelper.java:133)
at org.testng.internal.TestInvoker.invokeMethod(TestInvoker.java:598)
at org.testng.internal.TestInvoker.invokeTestMethod(TestInvoker.java:173)
at org.testng.internal.MethodRunner.runInSequence(MethodRunner.java:46)
at org.testng.internal.TestInvoker$MethodInvocationAgent.invoke(TestInvoker.java:824)
at org.testng.internal.TestInvoker.invokeTestMethods(TestInvoker.java:146)
at org.testng.internal.TestMethodWorker.invokeTestMethods(TestMethodWorker.java:146)
at org.testng.internal.TestMethodWorker.run(TestMethodWorker.java:128)
at java.base/java.util.concurrent.ThreadPoolExecutor.runWorker(ThreadPoolExecutor.java:1136)
at java.base/java.util.concurrent.ThreadPoolExecutor$Worker.run(ThreadPoolExecutor.java:635)
at java.base/java.lang.Thread.run(Thread.java:842)
]]>
    </failure>
  </testcase> <!-- verify_NewProjectDetailsPanel -->
  <system-out/>
</testsuite> <!-- com.awt.test.Admin.CreateProject.AdminCreatePageTest -->
