<?xml version="1.0" encoding="UTF-8"?>
<!-- Generated by org.testng.reporters.JUnitReportReporter -->
<testsuite hostname="AnkitYadav" failures="1" tests="1" name="com.awt.test.Admin.CreateProject.AdminCreatePageTest" time="106.127" errors="0" timestamp="2024-07-25T12:39:41 IST" skipped="0">
  <testcase classname="com.awt.test.Admin.CreateProject.AdminCreatePageTest" name="verify_NewProjectDetailsPanel" time="106.127">
    <failure message="The following asserts failed:
	did not expect [Acmo12!] but found [Acmo12!],
	did not expect [foQRbbhe3pkrGXBuRI7jSW1pbrGngYvQMGcfR1yC7uLaQgTNXgovA3u8sVaTuIzGPrdUqBMBitkMCN9XD1a1HWivSJmMxeLaRGnMQ] but found [foQRbbhe3pkrGXBuRI7jSW1pbrGngYvQMGcfR1yC7uLaQgTNXgovA3u8sVaTuIzGPrdUqBMBitkMCN9XD1a1HWivSJmMxeLaRGnMQ],
	did not expect [Vandana C] but found [Vandana C],
	did not expect [iQulP#$] but found [iQulP#$],
	did not expect [OZncDBpiSqnbcTWGrjlpUbSymQNybqGetxT] but found [OZncDBpiSqnbcTWGrjlpUbSymQNybqGetxT],
	did not expect [JNoQ712] but found [JNoQ712],
	did not expect [AiKRuyPTJQWjJZIjTfzaZoeEIMIVuJcfYMH] but found [AiKRuyPTJQWjJZIjTfzaZoeEIMIVuJcfYMH],
	did not expect [uD9g8GA3Y4BtBKZQc] but found [uD9g8GA3Y4BtBKZQc],
	did not expect [ZXjKhCIpGKCtKQJjan] but found [ZXjKhCIpGKCtKQJjan],
	did not expect [RyxNsIKTroUm&amp;@] but found [RyxNsIKTroUm&amp;@],
	did not expect [C] but found [C],
	did not expect [h7KBYsc2GOyxWFoi] but found [h7KBYsc2GOyxWFoi],
	did not expect [gfztGnpz] but found [gfztGnpz],
	did not expect [ankit123!] but found [ankit123!]" type="java.lang.AssertionError">
      <![CDATA[java.lang.AssertionError: The following asserts failed:
did not expect [Acmo12!] but found [Acmo12!],
did not expect [foQRbbhe3pkrGXBuRI7jSW1pbrGngYvQMGcfR1yC7uLaQgTNXgovA3u8sVaTuIzGPrdUqBMBitkMCN9XD1a1HWivSJmMxeLaRGnMQ] but found [foQRbbhe3pkrGXBuRI7jSW1pbrGngYvQMGcfR1yC7uLaQgTNXgovA3u8sVaTuIzGPrdUqBMBitkMCN9XD1a1HWivSJmMxeLaRGnMQ],
did not expect [Vandana C] but found [Vandana C],
did not expect [iQulP#$] but found [iQulP#$],
did not expect [OZncDBpiSqnbcTWGrjlpUbSymQNybqGetxT] but found [OZncDBpiSqnbcTWGrjlpUbSymQNybqGetxT],
did not expect [JNoQ712] but found [JNoQ712],
did not expect [AiKRuyPTJQWjJZIjTfzaZoeEIMIVuJcfYMH] but found [AiKRuyPTJQWjJZIjTfzaZoeEIMIVuJcfYMH],
did not expect [uD9g8GA3Y4BtBKZQc] but found [uD9g8GA3Y4BtBKZQc],
did not expect [ZXjKhCIpGKCtKQJjan] but found [ZXjKhCIpGKCtKQJjan],
did not expect [RyxNsIKTroUm&@] but found [RyxNsIKTroUm&@],
did not expect [C] but found [C],
did not expect [h7KBYsc2GOyxWFoi] but found [h7KBYsc2GOyxWFoi],
did not expect [gfztGnpz] but found [gfztGnpz],
did not expect [ankit123!] but found [ankit123!]
at org.testng.asserts.SoftAssert.assertAll(SoftAssert.java:47)
at org.testng.asserts.SoftAssert.assertAll(SoftAssert.java:31)
at com.awt.utills.reusablecomponents.SoftAssertTest.assertAll(SoftAssertTest.java:212)
at com.awt.test.Admin.CreateProject.AdminCreatePageTest.verify_NewProjectDetailsPanel(AdminCreatePageTest.java:483)
at java.base/jdk.internal.reflect.NativeMethodAccessorImpl.invoke0(Native Method)
at java.base/jdk.internal.reflect.NativeMethodAccessorImpl.invoke(NativeMethodAccessorImpl.java:77)
at java.base/jdk.internal.reflect.DelegatingMethodAccessorImpl.invoke(DelegatingMethodAccessorImpl.java:43)
at java.base/java.lang.reflect.Method.invoke(Method.java:568)
at org.testng.internal.MethodInvocationHelper.invokeMethod(MethodInvocationHelper.java:133)
at org.testng.internal.TestInvoker.invokeMethod(TestInvoker.java:598)
at org.testng.internal.TestInvoker.invokeTestMethod(TestInvoker.java:173)
at org.testng.internal.MethodRunner.runInSequence(MethodRunner.java:46)
at org.testng.internal.TestInvoker$MethodInvocationAgent.invoke(TestInvoker.java:824)
at org.testng.internal.TestInvoker.invokeTestMethods(TestInvoker.java:146)
at org.testng.internal.TestMethodWorker.invokeTestMethods(TestMethodWorker.java:146)
at org.testng.internal.TestMethodWorker.run(TestMethodWorker.java:128)
at java.base/java.util.concurrent.ThreadPoolExecutor.runWorker(ThreadPoolExecutor.java:1136)
at java.base/java.util.concurrent.ThreadPoolExecutor$Worker.run(ThreadPoolExecutor.java:635)
at java.base/java.lang.Thread.run(Thread.java:842)
]]>
    </failure>
  </testcase> <!-- verify_NewProjectDetailsPanel -->
  <system-out/>
</testsuite> <!-- com.awt.test.Admin.CreateProject.AdminCreatePageTest -->
