<?xml version="1.0" encoding="UTF-8"?>
<!-- Generated by org.testng.reporters.JUnitReportReporter -->
<testsuite hostname="AnkitYadav" failures="0" tests="1" name="com.awt.test.Admin.CreateProject.AdminCreatePageTest" time="81.677" errors="0" timestamp="2024-07-23T11:08:55 IST" skipped="0">
  <testcase classname="com.awt.test.Admin.CreateProject.AdminCreatePageTest" name="verifyAddProjectDetails" time="81.677"/>
  <system-out/>
</testsuite> <!-- com.awt.test.Admin.CreateProject.AdminCreatePageTest -->
