<?xml version="1.0" encoding="UTF-8"?>
<!-- Generated by org.testng.reporters.JUnitReportReporter -->
<testsuite hostname="AnkitYadav" failures="1" tests="1" name="com.awt.test.Admin.CreateProject.AdminCreatePageTest" time="96.155" errors="0" timestamp="2024-07-25T17:06:30 IST" skipped="0">
  <testcase classname="com.awt.test.Admin.CreateProject.AdminCreatePageTest" name="verify_NewProjectDetailsPanel" time="96.155">
    <failure message="The following asserts failed:
	did not expect [Acmo12!] but found [Acmo12!],
	did not expect [AXv2jZOs2RBCd6tFlrDyMo4oMtOfrcCfBcHGjCd8mFymbyNK0qeUCQB3Cii4RvAyuk3RtzYtGoN3gALKS2Wg8qhT2XtEjHJa85mvY] but found [AXv2jZOs2RBCd6tFlrDyMo4oMtOfrcCfBcHGjCd8mFymbyNK0qeUCQB3Cii4RvAyuk3RtzYtGoN3gALKS2Wg8qhT2XtEjHJa85mvY],
	did not expect [Vandana C] but found [Vandana C],
	did not expect [o9dG3#$] but found [o9dG3#$],
	did not expect [LUbqGcOzXWvYVuNVaOqrQZaDhwseXnRsaFM] but found [LUbqGcOzXWvYVuNVaOqrQZaDhwseXnRsaFM],
	did not expect [lVCsN12] but found [lVCsN12],
	did not expect [OutGvZkTTqPtPcuxoNoBXMncqzEBhJxKupe] but found [OutGvZkTTqPtPcuxoNoBXMncqzEBhJxKupe],
	did not expect [SCW48AhXE5lA2XdmW] but found [SCW48AhXE5lA2XdmW],
	did not expect [tcKybfGvpvZHZYWmhR] but found [tcKybfGvpvZHZYWmhR],
	did not expect [MCRUWASucnXg&amp;@] but found [MCRUWASucnXg&amp;@],
	did not expect [S] but found [S],
	did not expect [Py4OFK0aeKGb6qOs] but found [Py4OFK0aeKGb6qOs],
	did not expect [DTZZBACU] but found [DTZZBACU],
	did not expect [ankit123!] but found [ankit123!],
	expected [-235] but found [252 days]" type="java.lang.AssertionError">
      <![CDATA[java.lang.AssertionError: The following asserts failed:
did not expect [Acmo12!] but found [Acmo12!],
did not expect [AXv2jZOs2RBCd6tFlrDyMo4oMtOfrcCfBcHGjCd8mFymbyNK0qeUCQB3Cii4RvAyuk3RtzYtGoN3gALKS2Wg8qhT2XtEjHJa85mvY] but found [AXv2jZOs2RBCd6tFlrDyMo4oMtOfrcCfBcHGjCd8mFymbyNK0qeUCQB3Cii4RvAyuk3RtzYtGoN3gALKS2Wg8qhT2XtEjHJa85mvY],
did not expect [Vandana C] but found [Vandana C],
did not expect [o9dG3#$] but found [o9dG3#$],
did not expect [LUbqGcOzXWvYVuNVaOqrQZaDhwseXnRsaFM] but found [LUbqGcOzXWvYVuNVaOqrQZaDhwseXnRsaFM],
did not expect [lVCsN12] but found [lVCsN12],
did not expect [OutGvZkTTqPtPcuxoNoBXMncqzEBhJxKupe] but found [OutGvZkTTqPtPcuxoNoBXMncqzEBhJxKupe],
did not expect [SCW48AhXE5lA2XdmW] but found [SCW48AhXE5lA2XdmW],
did not expect [tcKybfGvpvZHZYWmhR] but found [tcKybfGvpvZHZYWmhR],
did not expect [MCRUWASucnXg&@] but found [MCRUWASucnXg&@],
did not expect [S] but found [S],
did not expect [Py4OFK0aeKGb6qOs] but found [Py4OFK0aeKGb6qOs],
did not expect [DTZZBACU] but found [DTZZBACU],
did not expect [ankit123!] but found [ankit123!],
expected [-235] but found [252 days]
at org.testng.asserts.SoftAssert.assertAll(SoftAssert.java:47)
at org.testng.asserts.SoftAssert.assertAll(SoftAssert.java:31)
at com.awt.utills.reusablecomponents.SoftAssertTest.assertAll(SoftAssertTest.java:212)
at com.awt.test.Admin.CreateProject.AdminCreatePageTest.verify_NewProjectDetailsPanel(AdminCreatePageTest.java:480)
at java.base/jdk.internal.reflect.NativeMethodAccessorImpl.invoke0(Native Method)
at java.base/jdk.internal.reflect.NativeMethodAccessorImpl.invoke(NativeMethodAccessorImpl.java:77)
at java.base/jdk.internal.reflect.DelegatingMethodAccessorImpl.invoke(DelegatingMethodAccessorImpl.java:43)
at java.base/java.lang.reflect.Method.invoke(Method.java:568)
at org.testng.internal.MethodInvocationHelper.invokeMethod(MethodInvocationHelper.java:133)
at org.testng.internal.TestInvoker.invokeMethod(TestInvoker.java:598)
at org.testng.internal.TestInvoker.invokeTestMethod(TestInvoker.java:173)
at org.testng.internal.MethodRunner.runInSequence(MethodRunner.java:46)
at org.testng.internal.TestInvoker$MethodInvocationAgent.invoke(TestInvoker.java:824)
at org.testng.internal.TestInvoker.invokeTestMethods(TestInvoker.java:146)
at org.testng.internal.TestMethodWorker.invokeTestMethods(TestMethodWorker.java:146)
at org.testng.internal.TestMethodWorker.run(TestMethodWorker.java:128)
at java.base/java.util.concurrent.ThreadPoolExecutor.runWorker(ThreadPoolExecutor.java:1136)
at java.base/java.util.concurrent.ThreadPoolExecutor$Worker.run(ThreadPoolExecutor.java:635)
at java.base/java.lang.Thread.run(Thread.java:842)
]]>
    </failure>
  </testcase> <!-- verify_NewProjectDetailsPanel -->
  <system-out/>
</testsuite> <!-- com.awt.test.Admin.CreateProject.AdminCreatePageTest -->
