<?xml version="1.0" encoding="UTF-8"?>
<!-- Generated by org.testng.reporters.JUnitReportReporter -->
<testsuite hostname="AnkitYadav" failures="1" tests="1" name="com.awt.test.Admin.CreateProject.AdminCreatePageTest" time="108.230" errors="0" timestamp="2024-07-24T15:33:36 IST" skipped="0">
  <testcase classname="com.awt.test.Admin.CreateProject.AdminCreatePageTest" name="verify_NewProjectDetailsPanel" time="108.230">
    <failure message="The following asserts failed:
	did not expect [Acmo12!] but found [Acmo12!],
	did not expect [yAsgwroqWiYxQZYhuxixh8ABnFZ9iA8AXgmRb1YVzw9k5XsT7vGjF9HwHacyyJmtSrDmKTGn9WkknhLXYUd0k3XRo2rjS0wh23Beb] but found [yAsgwroqWiYxQZYhuxixh8ABnFZ9iA8AXgmRb1YVzw9k5XsT7vGjF9HwHacyyJmtSrDmKTGn9WkknhLXYUd0k3XRo2rjS0wh23Beb],
	did not expect [Vandana C] but found [Vandana C],
	did not expect [LyqA112] but found [LyqA112],
	did not expect [nlhzUtrJAFBJqCRPsCKHRmKpmbFGMAmBpQC] but found [nlhzUtrJAFBJqCRPsCKHRmKpmbFGMAmBpQC],
	did not expect [UUFFC12] but found [UUFFC12],
	did not expect [fofRkzLzgWLpXRtoyCetSJIwGwgiQDPABvz] but found [fofRkzLzgWLpXRtoyCetSJIwGwgiQDPABvz],
	did not expect [VvAv4l3i0bcu0uXV4] but found [VvAv4l3i0bcu0uXV4],
	did not expect [jKZxQyTNccfPoecPQg] but found [jKZxQyTNccfPoecPQg],
	did not expect [XvPvXxQOlRiu&amp;@] but found [XvPvXxQOlRiu&amp;@],
	did not expect [Q] but found [Q],
	did not expect [BYQm7vA6cgbWtU45] but found [BYQm7vA6cgbWtU45],
	did not expect [hpMLNyFJ] but found [hpMLNyFJ],
	did not expect [ankit123!] but found [ankit123!]" type="java.lang.AssertionError">
      <![CDATA[java.lang.AssertionError: The following asserts failed:
did not expect [Acmo12!] but found [Acmo12!],
did not expect [yAsgwroqWiYxQZYhuxixh8ABnFZ9iA8AXgmRb1YVzw9k5XsT7vGjF9HwHacyyJmtSrDmKTGn9WkknhLXYUd0k3XRo2rjS0wh23Beb] but found [yAsgwroqWiYxQZYhuxixh8ABnFZ9iA8AXgmRb1YVzw9k5XsT7vGjF9HwHacyyJmtSrDmKTGn9WkknhLXYUd0k3XRo2rjS0wh23Beb],
did not expect [Vandana C] but found [Vandana C],
did not expect [LyqA112] but found [LyqA112],
did not expect [nlhzUtrJAFBJqCRPsCKHRmKpmbFGMAmBpQC] but found [nlhzUtrJAFBJqCRPsCKHRmKpmbFGMAmBpQC],
did not expect [UUFFC12] but found [UUFFC12],
did not expect [fofRkzLzgWLpXRtoyCetSJIwGwgiQDPABvz] but found [fofRkzLzgWLpXRtoyCetSJIwGwgiQDPABvz],
did not expect [VvAv4l3i0bcu0uXV4] but found [VvAv4l3i0bcu0uXV4],
did not expect [jKZxQyTNccfPoecPQg] but found [jKZxQyTNccfPoecPQg],
did not expect [XvPvXxQOlRiu&@] but found [XvPvXxQOlRiu&@],
did not expect [Q] but found [Q],
did not expect [BYQm7vA6cgbWtU45] but found [BYQm7vA6cgbWtU45],
did not expect [hpMLNyFJ] but found [hpMLNyFJ],
did not expect [ankit123!] but found [ankit123!]
at org.testng.asserts.SoftAssert.assertAll(SoftAssert.java:47)
at org.testng.asserts.SoftAssert.assertAll(SoftAssert.java:31)
at com.awt.utills.reusablecomponents.SoftAssertTest.assertAll(SoftAssertTest.java:212)
at com.awt.test.Admin.CreateProject.AdminCreatePageTest.verify_NewProjectDetailsPanel(AdminCreatePageTest.java:472)
at java.base/jdk.internal.reflect.NativeMethodAccessorImpl.invoke0(Native Method)
at java.base/jdk.internal.reflect.NativeMethodAccessorImpl.invoke(NativeMethodAccessorImpl.java:77)
at java.base/jdk.internal.reflect.DelegatingMethodAccessorImpl.invoke(DelegatingMethodAccessorImpl.java:43)
at java.base/java.lang.reflect.Method.invoke(Method.java:568)
at org.testng.internal.MethodInvocationHelper.invokeMethod(MethodInvocationHelper.java:133)
at org.testng.internal.TestInvoker.invokeMethod(TestInvoker.java:598)
at org.testng.internal.TestInvoker.invokeTestMethod(TestInvoker.java:173)
at org.testng.internal.MethodRunner.runInSequence(MethodRunner.java:46)
at org.testng.internal.TestInvoker$MethodInvocationAgent.invoke(TestInvoker.java:824)
at org.testng.internal.TestInvoker.invokeTestMethods(TestInvoker.java:146)
at org.testng.internal.TestMethodWorker.invokeTestMethods(TestMethodWorker.java:146)
at org.testng.internal.TestMethodWorker.run(TestMethodWorker.java:128)
at java.base/java.util.concurrent.ThreadPoolExecutor.runWorker(ThreadPoolExecutor.java:1136)
at java.base/java.util.concurrent.ThreadPoolExecutor$Worker.run(ThreadPoolExecutor.java:635)
at java.base/java.lang.Thread.run(Thread.java:842)
]]>
    </failure>
  </testcase> <!-- verify_NewProjectDetailsPanel -->
  <system-out/>
</testsuite> <!-- com.awt.test.Admin.CreateProject.AdminCreatePageTest -->
