<?xml version="1.0" encoding="UTF-8"?>
<!-- Generated by org.testng.reporters.JUnitReportReporter -->
<testsuite hostname="AWT_Tester" failures="0" tests="1" name="com.awt.admin.LogIn_Functionaliy" time="18.261" errors="0" timestamp="2024-07-11T14:57:08 IST" skipped="0">
  <testcase classname="com.awt.admin.LogIn_Functionaliy" name="verifyLoginFunctionalityTest" time="18.261"/>
  <system-out/>
</testsuite> <!-- com.awt.admin.LogIn_Functionaliy -->
