<?xml version="1.0" encoding="UTF-8"?>
<!-- Generated by org.testng.reporters.JUnitReportReporter -->
<testsuite hostname="AnkitYadav" failures="0" tests="1" name="com.awt.test.Admin.Project.ProjectSettings.AdminCreatePageTest" time="193.300" errors="0" timestamp="2024-08-07T15:29:06 IST" skipped="0">
  <testcase classname="com.awt.test.Admin.Project.ProjectSettings.AdminCreatePageTest" name="verify_AdminCreateProjectPage" time="193.300"/>
  <system-out/>
</testsuite> <!-- com.awt.test.Admin.Project.ProjectSettings.AdminCreatePageTest -->
