<?xml version="1.0" encoding="UTF-8"?>
<!-- Generated by org.testng.reporters.JUnitReportReporter -->
<testsuite hostname="AnkitYadav" failures="1" tests="1" name="com.awt.test.Admin.CreateProject.AdminCreatePageTest" time="108.068" errors="0" timestamp="2024-07-24T15:13:18 IST" skipped="0">
  <testcase classname="com.awt.test.Admin.CreateProject.AdminCreatePageTest" name="verify_NewProjectDetailsPanel" time="108.068">
    <failure message="The following asserts failed:
	did not expect [Acmo12!] but found [Acmo12!],
	did not expect [rg2N1rzoo1fJnTcoc4SV9S5RN9kwgUll6LryceBOopzPFedLTohlicl840ls5mwLy1L4et3x4aFIQWG9BL0VUL1UbWzr1CvVbDsC2] but found [rg2N1rzoo1fJnTcoc4SV9S5RN9kwgUll6LryceBOopzPFedLTohlicl840ls5mwLy1L4et3x4aFIQWG9BL0VUL1UbWzr1CvVbDsC2],
	did not expect [Vandana C] but found [Vandana C],
	did not expect [027o312] but found [027o312],
	did not expect [suwfgmgeVMTLhqGVYqSGMDOrflZjxAlWSrr] but found [suwfgmgeVMTLhqGVYqSGMDOrflZjxAlWSrr],
	did not expect [xjHaV12] but found [xjHaV12],
	did not expect [FRDJnSSTjXmDJQKFRwrMSWkKMSFzMtCzSYu] but found [FRDJnSSTjXmDJQKFRwrMSWkKMSFzMtCzSYu],
	did not expect [B8g6N6mdMGxV5lAKI] but found [B8g6N6mdMGxV5lAKI],
	did not expect [DdAuywbUIeitNWUVkr] but found [DdAuywbUIeitNWUVkr],
	did not expect [awgqfOcKEcop&amp;@] but found [awgqfOcKEcop&amp;@],
	did not expect [O] but found [O],
	did not expect [IUFmkCyCGjiEWcdA] but found [IUFmkCyCGjiEWcdA],
	did not expect [GqoXBdIW] but found [GqoXBdIW],
	did not expect [ankit123!] but found [ankit123!]" type="java.lang.AssertionError">
      <![CDATA[java.lang.AssertionError: The following asserts failed:
did not expect [Acmo12!] but found [Acmo12!],
did not expect [rg2N1rzoo1fJnTcoc4SV9S5RN9kwgUll6LryceBOopzPFedLTohlicl840ls5mwLy1L4et3x4aFIQWG9BL0VUL1UbWzr1CvVbDsC2] but found [rg2N1rzoo1fJnTcoc4SV9S5RN9kwgUll6LryceBOopzPFedLTohlicl840ls5mwLy1L4et3x4aFIQWG9BL0VUL1UbWzr1CvVbDsC2],
did not expect [Vandana C] but found [Vandana C],
did not expect [027o312] but found [027o312],
did not expect [suwfgmgeVMTLhqGVYqSGMDOrflZjxAlWSrr] but found [suwfgmgeVMTLhqGVYqSGMDOrflZjxAlWSrr],
did not expect [xjHaV12] but found [xjHaV12],
did not expect [FRDJnSSTjXmDJQKFRwrMSWkKMSFzMtCzSYu] but found [FRDJnSSTjXmDJQKFRwrMSWkKMSFzMtCzSYu],
did not expect [B8g6N6mdMGxV5lAKI] but found [B8g6N6mdMGxV5lAKI],
did not expect [DdAuywbUIeitNWUVkr] but found [DdAuywbUIeitNWUVkr],
did not expect [awgqfOcKEcop&@] but found [awgqfOcKEcop&@],
did not expect [O] but found [O],
did not expect [IUFmkCyCGjiEWcdA] but found [IUFmkCyCGjiEWcdA],
did not expect [GqoXBdIW] but found [GqoXBdIW],
did not expect [ankit123!] but found [ankit123!]
at org.testng.asserts.SoftAssert.assertAll(SoftAssert.java:47)
at org.testng.asserts.SoftAssert.assertAll(SoftAssert.java:31)
at com.awt.utills.reusablecomponents.SoftAssertTest.assertAll(SoftAssertTest.java:212)
at com.awt.test.Admin.CreateProject.AdminCreatePageTest.verify_NewProjectDetailsPanel(AdminCreatePageTest.java:472)
at java.base/jdk.internal.reflect.NativeMethodAccessorImpl.invoke0(Native Method)
at java.base/jdk.internal.reflect.NativeMethodAccessorImpl.invoke(NativeMethodAccessorImpl.java:77)
at java.base/jdk.internal.reflect.DelegatingMethodAccessorImpl.invoke(DelegatingMethodAccessorImpl.java:43)
at java.base/java.lang.reflect.Method.invoke(Method.java:568)
at org.testng.internal.MethodInvocationHelper.invokeMethod(MethodInvocationHelper.java:133)
at org.testng.internal.TestInvoker.invokeMethod(TestInvoker.java:598)
at org.testng.internal.TestInvoker.invokeTestMethod(TestInvoker.java:173)
at org.testng.internal.MethodRunner.runInSequence(MethodRunner.java:46)
at org.testng.internal.TestInvoker$MethodInvocationAgent.invoke(TestInvoker.java:824)
at org.testng.internal.TestInvoker.invokeTestMethods(TestInvoker.java:146)
at org.testng.internal.TestMethodWorker.invokeTestMethods(TestMethodWorker.java:146)
at org.testng.internal.TestMethodWorker.run(TestMethodWorker.java:128)
at java.base/java.util.concurrent.ThreadPoolExecutor.runWorker(ThreadPoolExecutor.java:1136)
at java.base/java.util.concurrent.ThreadPoolExecutor$Worker.run(ThreadPoolExecutor.java:635)
at java.base/java.lang.Thread.run(Thread.java:842)
]]>
    </failure>
  </testcase> <!-- verify_NewProjectDetailsPanel -->
  <system-out/>
</testsuite> <!-- com.awt.test.Admin.CreateProject.AdminCreatePageTest -->
