<?xml version="1.0" encoding="UTF-8"?>
<!-- Generated by org.testng.reporters.JUnitReportReporter -->
<testsuite hostname="AnkitYadav" failures="0" tests="1" name="com.awt.test.User.AdminConfiguration.User.CreateRole.AdminAddRoleTest" time="44.896" errors="1" timestamp="2024-08-02T14:40:02 IST" skipped="0">
  <testcase classname="com.awt.test.User.AdminConfiguration.User.CreateRole.AdminAddRoleTest" name="verifyAdminAddRolePage" time="44.896">
    <error message="Cannot invoke &quot;com.awt.page.User.ParentLandingPage.goToProjectPage(String)&quot; because &quot;this.parent_landing_page&quot; is null" type="java.lang.NullPointerException">
      <![CDATA[java.lang.NullPointerException: Cannot invoke "com.awt.page.User.ParentLandingPage.goToProjectPage(String)" because "this.parent_landing_page" is null
at com.awt.test.User.AdminConfiguration.User.CreateRole.AdminAddRoleTest.verifyAdminAddRolePage(AdminAddRoleTest.java:82)
at java.base/jdk.internal.reflect.NativeMethodAccessorImpl.invoke0(Native Method)
at java.base/jdk.internal.reflect.NativeMethodAccessorImpl.invoke(NativeMethodAccessorImpl.java:77)
at java.base/jdk.internal.reflect.DelegatingMethodAccessorImpl.invoke(DelegatingMethodAccessorImpl.java:43)
at java.base/java.lang.reflect.Method.invoke(Method.java:568)
at org.testng.internal.MethodInvocationHelper.invokeMethod(MethodInvocationHelper.java:133)
at org.testng.internal.TestInvoker.invokeMethod(TestInvoker.java:598)
at org.testng.internal.TestInvoker.invokeTestMethod(TestInvoker.java:173)
at org.testng.internal.MethodRunner.runInSequence(MethodRunner.java:46)
at org.testng.internal.TestInvoker$MethodInvocationAgent.invoke(TestInvoker.java:824)
at org.testng.internal.TestInvoker.invokeTestMethods(TestInvoker.java:146)
at org.testng.internal.TestMethodWorker.invokeTestMethods(TestMethodWorker.java:146)
at org.testng.internal.TestMethodWorker.run(TestMethodWorker.java:128)
at java.base/java.util.concurrent.ThreadPoolExecutor.runWorker(ThreadPoolExecutor.java:1136)
at java.base/java.util.concurrent.ThreadPoolExecutor$Worker.run(ThreadPoolExecutor.java:635)
at java.base/java.lang.Thread.run(Thread.java:842)
]]>
    </error>
  </testcase> <!-- verifyAdminAddRolePage -->
  <system-out/>
</testsuite> <!-- com.awt.test.User.AdminConfiguration.User.CreateRole.AdminAddRoleTest -->
