<?xml version="1.0" encoding="UTF-8"?>
<!-- Generated by org.testng.reporters.JUnitReportReporter -->
<testsuite hostname="AnkitYadav" failures="0" tests="1" name="com.awt.test.Admin.CreateProject.AdminCreatePageTest" time="66.234" errors="0" timestamp="2024-07-22T18:54:31 IST" skipped="0">
  <testcase classname="com.awt.test.Admin.CreateProject.AdminCreatePageTest" name="verifyAddProjectDetails" time="66.234"/>
  <system-out/>
</testsuite> <!-- com.awt.test.Admin.CreateProject.AdminCreatePageTest -->
